2020-11-06 13:22:40,885 INFO 12772 [egg:logger] init all loggers with options: {"dir":"C:\\Users\\12552\\Desktop\\musicCloude\\myegg1\\logs\\app1","encoding":"utf8","env":"local","level":"INFO","consoleLevel":"INFO","disableConsoleAfterReady":false,"outputJSON":false,"buffer":true,"appLogName":"app1-web.log","coreLogName":"egg-web.log","agentLogName":"egg-agent.log","errorLogName":"common-error.log","coreLogger":{"consoleLevel":"WARN"},"allowDebugAtProd":false,"type":"application"}
2020-11-06 13:22:40,929 INFO 12772 [egg-multipart] file mode enable
2020-11-06 13:22:40,929 INFO 12772 [egg-multipart] will save temporary files to "C:\\Users\\12552\\AppData\\Local\\Temp\\egg-multipart-tmp\\app1", cleanup job cron: "0 30 4 * * *"
2020-11-06 13:22:40,929 INFO 12772 [egg-mysql] connecting root@127.0.0.1:3306/mydb
2020-11-06 13:22:41,162 INFO 12772 [egg-static] starting static serve /public/ -> C:\Users\12552\Desktop\musicCloude\myegg1\app\public
2020-11-06 13:22:41,167 INFO 12772 [egg-security] use methodnoallow middleware
2020-11-06 13:22:41,168 INFO 12772 [egg-security] use noopen middleware
2020-11-06 13:22:41,169 INFO 12772 [egg-security] use nosniff middleware
2020-11-06 13:22:41,170 INFO 12772 [egg-security] use xssProtection middleware
2020-11-06 13:22:41,170 INFO 12772 [egg-security] use xframe middleware
2020-11-06 13:22:41,171 INFO 12772 [egg-security] use dta middleware
2020-11-06 13:22:41,171 INFO 12772 [egg-security] compose 6 middlewares into one security middleware
2020-11-06 13:22:41,200 INFO 12772 [egg:core] dump config after load, 26ms
2020-11-06 13:22:41,221 INFO 12772 [egg-mysql] instance[0] status OK, rds currentTime: Fri Nov 06 2020 13:22:41 GMT+0800 (GMT+08:00)
2020-11-06 13:22:41,223 INFO 12772 [egg-watcher:application] watcher start success
2020-11-06 13:22:41,251 INFO 12772 [egg:core] dump config after ready, 26ms
2020-11-06 13:25:35,417 INFO 21668 [egg:logger] init all loggers with options: {"dir":"C:\\Users\\12552\\Desktop\\musicCloude\\myegg1\\logs\\app1","encoding":"utf8","env":"local","level":"INFO","consoleLevel":"INFO","disableConsoleAfterReady":false,"outputJSON":false,"buffer":true,"appLogName":"app1-web.log","coreLogName":"egg-web.log","agentLogName":"egg-agent.log","errorLogName":"common-error.log","coreLogger":{"consoleLevel":"WARN"},"allowDebugAtProd":false,"type":"application"}
2020-11-06 13:25:35,442 INFO 21668 [egg-multipart] file mode enable
2020-11-06 13:25:35,442 INFO 21668 [egg-multipart] will save temporary files to "C:\\Users\\12552\\AppData\\Local\\Temp\\egg-multipart-tmp\\app1", cleanup job cron: "0 30 4 * * *"
2020-11-06 13:25:35,443 INFO 21668 [egg-mysql] connecting root@127.0.0.1:3306/mydb
2020-11-06 13:25:35,644 INFO 21668 [egg-static] starting static serve /public/ -> C:\Users\12552\Desktop\musicCloude\myegg1\app\public
2020-11-06 13:25:35,646 INFO 21668 [egg-security] use methodnoallow middleware
2020-11-06 13:25:35,646 INFO 21668 [egg-security] use noopen middleware
2020-11-06 13:25:35,648 INFO 21668 [egg-security] use nosniff middleware
2020-11-06 13:25:35,648 INFO 21668 [egg-security] use xssProtection middleware
2020-11-06 13:25:35,649 INFO 21668 [egg-security] use xframe middleware
2020-11-06 13:25:35,649 INFO 21668 [egg-security] use dta middleware
2020-11-06 13:25:35,649 INFO 21668 [egg-security] compose 6 middlewares into one security middleware
2020-11-06 13:25:35,680 INFO 21668 [egg:core] dump config after load, 20ms
2020-11-06 13:25:35,699 INFO 21668 [egg-watcher:application] watcher start success
2020-11-06 13:25:35,701 INFO 21668 [egg-mysql] instance[0] status OK, rds currentTime: Fri Nov 06 2020 13:25:35 GMT+0800 (GMT+08:00)
2020-11-06 13:25:35,739 INFO 21668 [egg:core] dump config after ready, 36ms
2020-11-06 13:25:37,631 INFO 10204 [egg:logger] init all loggers with options: {"dir":"C:\\Users\\12552\\Desktop\\musicCloude\\myegg1\\logs\\app1","encoding":"utf8","env":"local","level":"INFO","consoleLevel":"INFO","disableConsoleAfterReady":false,"outputJSON":false,"buffer":true,"appLogName":"app1-web.log","coreLogName":"egg-web.log","agentLogName":"egg-agent.log","errorLogName":"common-error.log","coreLogger":{"consoleLevel":"WARN"},"allowDebugAtProd":false,"type":"application"}
2020-11-06 13:25:37,658 INFO 10204 [egg-multipart] file mode enable
2020-11-06 13:25:37,658 INFO 10204 [egg-multipart] will save temporary files to "C:\\Users\\12552\\AppData\\Local\\Temp\\egg-multipart-tmp\\app1", cleanup job cron: "0 30 4 * * *"
2020-11-06 13:25:37,658 INFO 10204 [egg-mysql] connecting root@127.0.0.1:3306/music
2020-11-06 13:25:37,846 INFO 10204 [egg-static] starting static serve /public/ -> C:\Users\12552\Desktop\musicCloude\myegg1\app\public
2020-11-06 13:25:37,849 INFO 10204 [egg-security] use methodnoallow middleware
2020-11-06 13:25:37,849 INFO 10204 [egg-security] use noopen middleware
2020-11-06 13:25:37,851 INFO 10204 [egg-security] use nosniff middleware
2020-11-06 13:25:37,851 INFO 10204 [egg-security] use xssProtection middleware
2020-11-06 13:25:37,852 INFO 10204 [egg-security] use xframe middleware
2020-11-06 13:25:37,853 INFO 10204 [egg-security] use dta middleware
2020-11-06 13:25:37,853 INFO 10204 [egg-security] compose 6 middlewares into one security middleware
2020-11-06 13:25:37,882 INFO 10204 [egg:core] dump config after load, 19ms
2020-11-06 13:25:37,899 INFO 10204 [egg-watcher:application] watcher start success
2020-11-06 13:25:37,900 INFO 10204 [egg-mysql] instance[0] status OK, rds currentTime: Fri Nov 06 2020 13:25:37 GMT+0800 (GMT+08:00)
2020-11-06 13:25:37,924 INFO 10204 [egg:core] dump config after ready, 22ms
2020-11-06 13:26:39,672 INFO 7424 [egg:logger] init all loggers with options: {"dir":"C:\\Users\\12552\\Desktop\\musicCloude\\myegg1\\logs\\app1","encoding":"utf8","env":"local","level":"INFO","consoleLevel":"INFO","disableConsoleAfterReady":false,"outputJSON":false,"buffer":true,"appLogName":"app1-web.log","coreLogName":"egg-web.log","agentLogName":"egg-agent.log","errorLogName":"common-error.log","coreLogger":{"consoleLevel":"WARN"},"allowDebugAtProd":false,"type":"application"}
2020-11-06 13:26:39,700 INFO 7424 [egg-multipart] file mode enable
2020-11-06 13:26:39,700 INFO 7424 [egg-multipart] will save temporary files to "C:\\Users\\12552\\AppData\\Local\\Temp\\egg-multipart-tmp\\app1", cleanup job cron: "0 30 4 * * *"
2020-11-06 13:26:39,700 INFO 7424 [egg-mysql] connecting root@127.0.0.1:3306/music
2020-11-06 13:26:39,890 INFO 7424 [egg-static] starting static serve /public/ -> C:\Users\12552\Desktop\musicCloude\myegg1\app\public
2020-11-06 13:26:39,892 INFO 7424 [egg-security] use methodnoallow middleware
2020-11-06 13:26:39,893 INFO 7424 [egg-security] use noopen middleware
2020-11-06 13:26:39,894 INFO 7424 [egg-security] use nosniff middleware
2020-11-06 13:26:39,895 INFO 7424 [egg-security] use xssProtection middleware
2020-11-06 13:26:39,895 INFO 7424 [egg-security] use xframe middleware
2020-11-06 13:26:39,896 INFO 7424 [egg-security] use dta middleware
2020-11-06 13:26:39,896 INFO 7424 [egg-security] compose 6 middlewares into one security middleware
2020-11-06 13:26:39,917 INFO 7424 [egg:core] dump config after load, 16ms
2020-11-06 13:26:39,935 INFO 7424 [egg-mysql] instance[0] status OK, rds currentTime: Fri Nov 06 2020 13:26:39 GMT+0800 (GMT+08:00)
2020-11-06 13:26:39,937 INFO 7424 [egg-watcher:application] watcher start success
2020-11-06 13:26:39,966 INFO 7424 [egg:core] dump config after ready, 27ms
2020-11-06 13:31:24,073 INFO 22408 [egg:logger] init all loggers with options: {"dir":"C:\\Users\\12552\\Desktop\\musicCloude\\myegg1\\logs\\app1","encoding":"utf8","env":"local","level":"INFO","consoleLevel":"INFO","disableConsoleAfterReady":false,"outputJSON":false,"buffer":true,"appLogName":"app1-web.log","coreLogName":"egg-web.log","agentLogName":"egg-agent.log","errorLogName":"common-error.log","coreLogger":{"consoleLevel":"WARN"},"allowDebugAtProd":false,"type":"application"}
2020-11-06 13:31:24,113 INFO 22408 [egg-multipart] file mode enable
2020-11-06 13:31:24,113 INFO 22408 [egg-multipart] will save temporary files to "C:\\Users\\12552\\AppData\\Local\\Temp\\egg-multipart-tmp\\app1", cleanup job cron: "0 30 4 * * *"
2020-11-06 13:31:24,113 INFO 22408 [egg-mysql] connecting root@127.0.0.1:3306/music
2020-11-06 13:31:24,430 INFO 22408 [egg-static] starting static serve /public/ -> C:\Users\12552\Desktop\musicCloude\myegg1\app\public
2020-11-06 13:31:24,433 INFO 22408 [egg-security] use methodnoallow middleware
2020-11-06 13:31:24,434 INFO 22408 [egg-security] use noopen middleware
2020-11-06 13:31:24,436 INFO 22408 [egg-security] use nosniff middleware
2020-11-06 13:31:24,437 INFO 22408 [egg-security] use xssProtection middleware
2020-11-06 13:31:24,437 INFO 22408 [egg-security] use xframe middleware
2020-11-06 13:31:24,438 INFO 22408 [egg-security] use dta middleware
2020-11-06 13:31:24,439 INFO 22408 [egg-security] compose 6 middlewares into one security middleware
2020-11-06 13:31:24,469 INFO 22408 [egg:core] dump config after load, 23ms
2020-11-06 13:31:24,487 INFO 22408 [egg-watcher:application] watcher start success
2020-11-06 13:31:24,600 INFO 22408 [egg-mysql] instance[0] status OK, rds currentTime: Fri Nov 06 2020 13:31:24 GMT+0800 (GMT+08:00)
2020-11-06 13:31:24,631 INFO 22408 [egg:core] dump config after ready, 29ms
2020-11-06 13:31:37,011 INFO 9244 [egg:logger] init all loggers with options: {"dir":"C:\\Users\\12552\\Desktop\\musicCloude\\myegg1\\logs\\app1","encoding":"utf8","env":"local","level":"INFO","consoleLevel":"INFO","disableConsoleAfterReady":false,"outputJSON":false,"buffer":true,"appLogName":"app1-web.log","coreLogName":"egg-web.log","agentLogName":"egg-agent.log","errorLogName":"common-error.log","coreLogger":{"consoleLevel":"WARN"},"allowDebugAtProd":false,"type":"application"}
2020-11-06 13:31:37,036 INFO 9244 [egg-multipart] file mode enable
2020-11-06 13:31:37,036 INFO 9244 [egg-multipart] will save temporary files to "C:\\Users\\12552\\AppData\\Local\\Temp\\egg-multipart-tmp\\app1", cleanup job cron: "0 30 4 * * *"
2020-11-06 13:31:37,036 INFO 9244 [egg-mysql] connecting root@127.0.0.1:3306/music
2020-11-06 13:31:37,231 INFO 9244 [egg-static] starting static serve /public/ -> C:\Users\12552\Desktop\musicCloude\myegg1\app\public
2020-11-06 13:31:37,234 INFO 9244 [egg-security] use methodnoallow middleware
2020-11-06 13:31:37,234 INFO 9244 [egg-security] use noopen middleware
2020-11-06 13:31:37,236 INFO 9244 [egg-security] use nosniff middleware
2020-11-06 13:31:37,236 INFO 9244 [egg-security] use xssProtection middleware
2020-11-06 13:31:37,237 INFO 9244 [egg-security] use xframe middleware
2020-11-06 13:31:37,237 INFO 9244 [egg-security] use dta middleware
2020-11-06 13:31:37,237 INFO 9244 [egg-security] compose 6 middlewares into one security middleware
2020-11-06 13:31:37,260 INFO 9244 [egg:core] dump config after load, 19ms
2020-11-06 13:31:37,274 INFO 9244 [egg-mysql] instance[0] status OK, rds currentTime: Fri Nov 06 2020 13:31:37 GMT+0800 (GMT+08:00)
2020-11-06 13:31:37,275 INFO 9244 [egg-watcher:application] watcher start success
2020-11-06 13:31:37,302 INFO 9244 [egg:core] dump config after ready, 26ms
2020-11-06 15:33:13,650 INFO 21660 [egg:logger] init all loggers with options: {"dir":"C:\\Users\\12552\\Desktop\\musicCloude\\myegg1\\logs\\app1","encoding":"utf8","env":"local","level":"INFO","consoleLevel":"INFO","disableConsoleAfterReady":false,"outputJSON":false,"buffer":true,"appLogName":"app1-web.log","coreLogName":"egg-web.log","agentLogName":"egg-agent.log","errorLogName":"common-error.log","coreLogger":{"consoleLevel":"WARN"},"allowDebugAtProd":false,"type":"application"}
2020-11-06 15:33:13,689 INFO 21660 [egg-multipart] file mode enable
2020-11-06 15:33:13,689 INFO 21660 [egg-multipart] will save temporary files to "C:\\Users\\12552\\AppData\\Local\\Temp\\egg-multipart-tmp\\app1", cleanup job cron: "0 30 4 * * *"
2020-11-06 15:33:13,690 INFO 21660 [egg-mysql] connecting root@127.0.0.1:3306/music
2020-11-06 15:33:14,131 INFO 21660 [egg-static] starting static serve /public/ -> C:\Users\12552\Desktop\musicCloude\myegg1\app\public
2020-11-06 15:33:14,134 INFO 21660 [egg-security] use methodnoallow middleware
2020-11-06 15:33:14,135 INFO 21660 [egg-security] use noopen middleware
2020-11-06 15:33:14,137 INFO 21660 [egg-security] use nosniff middleware
2020-11-06 15:33:14,138 INFO 21660 [egg-security] use xssProtection middleware
2020-11-06 15:33:14,139 INFO 21660 [egg-security] use xframe middleware
2020-11-06 15:33:14,141 INFO 21660 [egg-security] use dta middleware
2020-11-06 15:33:14,141 INFO 21660 [egg-security] compose 6 middlewares into one security middleware
2020-11-06 15:33:14,169 INFO 21660 [egg:core] dump config after load, 24ms
2020-11-06 15:33:14,210 INFO 21660 [egg-watcher:application] watcher start success
2020-11-06 15:33:14,358 INFO 21660 [egg-mysql] instance[0] status OK, rds currentTime: Fri Nov 06 2020 15:33:14 GMT+0800 (GMT+08:00)
2020-11-06 15:33:14,390 INFO 21660 [egg:core] dump config after ready, 30ms
2020-11-06 15:33:21,142 INFO 20324 [egg:logger] init all loggers with options: {"dir":"C:\\Users\\12552\\Desktop\\musicCloude\\myegg1\\logs\\app1","encoding":"utf8","env":"local","level":"INFO","consoleLevel":"INFO","disableConsoleAfterReady":false,"outputJSON":false,"buffer":true,"appLogName":"app1-web.log","coreLogName":"egg-web.log","agentLogName":"egg-agent.log","errorLogName":"common-error.log","coreLogger":{"consoleLevel":"WARN"},"allowDebugAtProd":false,"type":"application"}
2020-11-06 15:33:21,171 INFO 20324 [egg-multipart] file mode enable
2020-11-06 15:33:21,171 INFO 20324 [egg-multipart] will save temporary files to "C:\\Users\\12552\\AppData\\Local\\Temp\\egg-multipart-tmp\\app1", cleanup job cron: "0 30 4 * * *"
2020-11-06 15:33:21,171 INFO 20324 [egg-mysql] connecting root@127.0.0.1:3306/music
2020-11-06 15:33:21,383 INFO 20324 [egg-static] starting static serve /public/ -> C:\Users\12552\Desktop\musicCloude\myegg1\app\public
2020-11-06 15:33:21,386 INFO 20324 [egg-security] use methodnoallow middleware
2020-11-06 15:33:21,387 INFO 20324 [egg-security] use noopen middleware
2020-11-06 15:33:21,388 INFO 20324 [egg-security] use nosniff middleware
2020-11-06 15:33:21,388 INFO 20324 [egg-security] use xssProtection middleware
2020-11-06 15:33:21,389 INFO 20324 [egg-security] use xframe middleware
2020-11-06 15:33:21,389 INFO 20324 [egg-security] use dta middleware
2020-11-06 15:33:21,390 INFO 20324 [egg-security] compose 6 middlewares into one security middleware
2020-11-06 15:33:21,411 INFO 20324 [egg:core] dump config after load, 17ms
2020-11-06 15:33:21,428 INFO 20324 [egg-watcher:application] watcher start success
2020-11-06 15:33:21,429 INFO 20324 [egg-mysql] instance[0] status OK, rds currentTime: Fri Nov 06 2020 15:33:21 GMT+0800 (GMT+08:00)
2020-11-06 15:33:21,456 INFO 20324 [egg:core] dump config after ready, 25ms
2020-11-06 15:33:25,568 INFO 19400 [egg:logger] init all loggers with options: {"dir":"C:\\Users\\12552\\Desktop\\musicCloude\\myegg1\\logs\\app1","encoding":"utf8","env":"local","level":"INFO","consoleLevel":"INFO","disableConsoleAfterReady":false,"outputJSON":false,"buffer":true,"appLogName":"app1-web.log","coreLogName":"egg-web.log","agentLogName":"egg-agent.log","errorLogName":"common-error.log","coreLogger":{"consoleLevel":"WARN"},"allowDebugAtProd":false,"type":"application"}
2020-11-06 15:33:25,608 INFO 19400 [egg-multipart] file mode enable
2020-11-06 15:33:25,608 INFO 19400 [egg-multipart] will save temporary files to "C:\\Users\\12552\\AppData\\Local\\Temp\\egg-multipart-tmp\\app1", cleanup job cron: "0 30 4 * * *"
2020-11-06 15:33:25,609 INFO 19400 [egg-mysql] connecting root@127.0.0.1:3306/music
2020-11-06 15:33:25,870 INFO 19400 [egg-static] starting static serve /public/ -> C:\Users\12552\Desktop\musicCloude\myegg1\app\public
2020-11-06 15:33:25,873 INFO 19400 [egg-security] use methodnoallow middleware
2020-11-06 15:33:25,875 INFO 19400 [egg-security] use noopen middleware
2020-11-06 15:33:25,878 INFO 19400 [egg-security] use nosniff middleware
2020-11-06 15:33:25,879 INFO 19400 [egg-security] use xssProtection middleware
2020-11-06 15:33:25,879 INFO 19400 [egg-security] use xframe middleware
2020-11-06 15:33:25,880 INFO 19400 [egg-security] use dta middleware
2020-11-06 15:33:25,880 INFO 19400 [egg-security] compose 6 middlewares into one security middleware
2020-11-06 15:33:25,921 INFO 19400 [egg:core] dump config after load, 23ms
2020-11-06 15:33:25,939 INFO 19400 [egg-watcher:application] watcher start success
2020-11-06 15:33:25,940 INFO 19400 [egg-mysql] instance[0] status OK, rds currentTime: Fri Nov 06 2020 15:33:25 GMT+0800 (GMT+08:00)
2020-11-06 15:33:25,970 INFO 19400 [egg:core] dump config after ready, 27ms
2020-11-06 15:33:27,496 INFO 23024 [egg:logger] init all loggers with options: {"dir":"C:\\Users\\12552\\Desktop\\musicCloude\\myegg1\\logs\\app1","encoding":"utf8","env":"local","level":"INFO","consoleLevel":"INFO","disableConsoleAfterReady":false,"outputJSON":false,"buffer":true,"appLogName":"app1-web.log","coreLogName":"egg-web.log","agentLogName":"egg-agent.log","errorLogName":"common-error.log","coreLogger":{"consoleLevel":"WARN"},"allowDebugAtProd":false,"type":"application"}
2020-11-06 15:33:27,534 INFO 23024 [egg-multipart] file mode enable
2020-11-06 15:33:27,534 INFO 23024 [egg-multipart] will save temporary files to "C:\\Users\\12552\\AppData\\Local\\Temp\\egg-multipart-tmp\\app1", cleanup job cron: "0 30 4 * * *"
2020-11-06 15:33:27,534 INFO 23024 [egg-mysql] connecting root@127.0.0.1:3306/music
2020-11-06 15:33:27,807 INFO 23024 [egg-static] starting static serve /public/ -> C:\Users\12552\Desktop\musicCloude\myegg1\app\public
2020-11-06 15:33:27,812 INFO 23024 [egg-security] use methodnoallow middleware
2020-11-06 15:33:27,813 INFO 23024 [egg-security] use noopen middleware
2020-11-06 15:33:27,814 INFO 23024 [egg-security] use nosniff middleware
2020-11-06 15:33:27,815 INFO 23024 [egg-security] use xssProtection middleware
2020-11-06 15:33:27,815 INFO 23024 [egg-security] use xframe middleware
2020-11-06 15:33:27,816 INFO 23024 [egg-security] use dta middleware
2020-11-06 15:33:27,816 INFO 23024 [egg-security] compose 6 middlewares into one security middleware
2020-11-06 15:33:27,844 INFO 23024 [egg:core] dump config after load, 22ms
2020-11-06 15:33:27,861 INFO 23024 [egg-watcher:application] watcher start success
2020-11-06 15:33:27,862 INFO 23024 [egg-mysql] instance[0] status OK, rds currentTime: Fri Nov 06 2020 15:33:27 GMT+0800 (GMT+08:00)
2020-11-06 15:33:27,895 INFO 23024 [egg:core] dump config after ready, 31ms
2020-11-06 15:41:37,936 INFO 15780 [egg:logger] init all loggers with options: {"dir":"C:\\Users\\12552\\Desktop\\musicCloude\\myegg1\\logs\\app1","encoding":"utf8","env":"local","level":"INFO","consoleLevel":"INFO","disableConsoleAfterReady":false,"outputJSON":false,"buffer":true,"appLogName":"app1-web.log","coreLogName":"egg-web.log","agentLogName":"egg-agent.log","errorLogName":"common-error.log","coreLogger":{"consoleLevel":"WARN"},"allowDebugAtProd":false,"type":"application"}
2020-11-06 15:41:37,965 INFO 15780 [egg-multipart] file mode enable
2020-11-06 15:41:37,965 INFO 15780 [egg-multipart] will save temporary files to "C:\\Users\\12552\\AppData\\Local\\Temp\\egg-multipart-tmp\\app1", cleanup job cron: "0 30 4 * * *"
2020-11-06 15:41:37,965 INFO 15780 [egg-mysql] connecting root@127.0.0.1:3306/music
2020-11-06 15:41:38,179 INFO 15780 [egg-static] starting static serve /public/ -> C:\Users\12552\Desktop\musicCloude\myegg1\app\public
2020-11-06 15:41:38,181 INFO 15780 [egg-security] use methodnoallow middleware
2020-11-06 15:41:38,182 INFO 15780 [egg-security] use noopen middleware
2020-11-06 15:41:38,184 INFO 15780 [egg-security] use nosniff middleware
2020-11-06 15:41:38,185 INFO 15780 [egg-security] use xssProtection middleware
2020-11-06 15:41:38,185 INFO 15780 [egg-security] use xframe middleware
2020-11-06 15:41:38,186 INFO 15780 [egg-security] use dta middleware
2020-11-06 15:41:38,186 INFO 15780 [egg-security] compose 6 middlewares into one security middleware
2020-11-06 15:41:38,209 INFO 15780 [egg:core] dump config after load, 18ms
2020-11-06 15:41:38,226 INFO 15780 [egg-watcher:application] watcher start success
2020-11-06 15:41:38,227 INFO 15780 [egg-mysql] instance[0] status OK, rds currentTime: Fri Nov 06 2020 15:41:38 GMT+0800 (GMT+08:00)
2020-11-06 15:41:38,256 INFO 15780 [egg:core] dump config after ready, 27ms
2020-11-06 15:41:47,503 INFO 22952 [egg:logger] init all loggers with options: {"dir":"C:\\Users\\12552\\Desktop\\musicCloude\\myegg1\\logs\\app1","encoding":"utf8","env":"local","level":"INFO","consoleLevel":"INFO","disableConsoleAfterReady":false,"outputJSON":false,"buffer":true,"appLogName":"app1-web.log","coreLogName":"egg-web.log","agentLogName":"egg-agent.log","errorLogName":"common-error.log","coreLogger":{"consoleLevel":"WARN"},"allowDebugAtProd":false,"type":"application"}
2020-11-06 15:41:47,532 INFO 22952 [egg-multipart] file mode enable
2020-11-06 15:41:47,532 INFO 22952 [egg-multipart] will save temporary files to "C:\\Users\\12552\\AppData\\Local\\Temp\\egg-multipart-tmp\\app1", cleanup job cron: "0 30 4 * * *"
2020-11-06 15:41:47,533 INFO 22952 [egg-mysql] connecting root@127.0.0.1:3306/music
2020-11-06 15:41:47,748 INFO 22952 [egg-static] starting static serve /public/ -> C:\Users\12552\Desktop\musicCloude\myegg1\app\public
2020-11-06 15:41:47,751 INFO 22952 [egg-security] use methodnoallow middleware
2020-11-06 15:41:47,752 INFO 22952 [egg-security] use noopen middleware
2020-11-06 15:41:47,754 INFO 22952 [egg-security] use nosniff middleware
2020-11-06 15:41:47,754 INFO 22952 [egg-security] use xssProtection middleware
2020-11-06 15:41:47,755 INFO 22952 [egg-security] use xframe middleware
2020-11-06 15:41:47,755 INFO 22952 [egg-security] use dta middleware
2020-11-06 15:41:47,755 INFO 22952 [egg-security] compose 6 middlewares into one security middleware
2020-11-06 15:41:47,781 INFO 22952 [egg:core] dump config after load, 20ms
2020-11-06 15:41:47,800 INFO 22952 [egg-watcher:application] watcher start success
2020-11-06 15:41:47,801 INFO 22952 [egg-mysql] instance[0] status OK, rds currentTime: Fri Nov 06 2020 15:41:47 GMT+0800 (GMT+08:00)
2020-11-06 15:41:47,835 INFO 22952 [egg:core] dump config after ready, 31ms
2020-11-06 15:49:50,968 INFO 22924 [egg:logger] init all loggers with options: {"dir":"C:\\Users\\12552\\Desktop\\musicCloude\\myegg1\\logs\\app1","encoding":"utf8","env":"local","level":"INFO","consoleLevel":"INFO","disableConsoleAfterReady":false,"outputJSON":false,"buffer":true,"appLogName":"app1-web.log","coreLogName":"egg-web.log","agentLogName":"egg-agent.log","errorLogName":"common-error.log","coreLogger":{"consoleLevel":"WARN"},"allowDebugAtProd":false,"type":"application"}
2020-11-06 15:49:51,036 INFO 22924 [egg-multipart] file mode enable
2020-11-06 15:49:51,036 INFO 22924 [egg-multipart] will save temporary files to "C:\\Users\\12552\\AppData\\Local\\Temp\\egg-multipart-tmp\\app1", cleanup job cron: "0 30 4 * * *"
2020-11-06 15:49:51,036 INFO 22924 [egg-mysql] connecting root@127.0.0.1:3306/music
2020-11-06 15:49:51,311 INFO 22924 [egg-static] starting static serve /public/ -> C:\Users\12552\Desktop\musicCloude\myegg1\app\public
2020-11-06 15:49:51,314 INFO 22924 [egg-security] use methodnoallow middleware
2020-11-06 15:49:51,314 INFO 22924 [egg-security] use noopen middleware
2020-11-06 15:49:51,316 INFO 22924 [egg-security] use nosniff middleware
2020-11-06 15:49:51,316 INFO 22924 [egg-security] use xssProtection middleware
2020-11-06 15:49:51,317 INFO 22924 [egg-security] use xframe middleware
2020-11-06 15:49:51,318 INFO 22924 [egg-security] use dta middleware
2020-11-06 15:49:51,318 INFO 22924 [egg-security] compose 6 middlewares into one security middleware
2020-11-06 15:49:51,346 INFO 22924 [egg:core] dump config after load, 18ms
2020-11-06 15:49:51,366 INFO 22924 [egg-watcher:application] watcher start success
2020-11-06 15:49:51,368 INFO 22924 [egg-mysql] instance[0] status OK, rds currentTime: Fri Nov 06 2020 15:49:51 GMT+0800 (GMT+08:00)
2020-11-06 15:49:51,395 INFO 22924 [egg:core] dump config after ready, 25ms
2020-11-06 17:32:04,212 INFO 24056 [egg:logger] init all loggers with options: {"dir":"C:\\Users\\12552\\Desktop\\musicCloude\\myegg1\\logs\\app1","encoding":"utf8","env":"local","level":"INFO","consoleLevel":"INFO","disableConsoleAfterReady":false,"outputJSON":false,"buffer":true,"appLogName":"app1-web.log","coreLogName":"egg-web.log","agentLogName":"egg-agent.log","errorLogName":"common-error.log","coreLogger":{"consoleLevel":"WARN"},"allowDebugAtProd":false,"type":"application"}
2020-11-06 17:32:04,257 INFO 24056 [egg-multipart] file mode enable
2020-11-06 17:32:04,257 INFO 24056 [egg-multipart] will save temporary files to "C:\\Users\\12552\\AppData\\Local\\Temp\\egg-multipart-tmp\\app1", cleanup job cron: "0 30 4 * * *"
2020-11-06 17:32:04,258 INFO 24056 [egg-mysql] connecting root@127.0.0.1:3306/music
2020-11-06 17:32:04,491 INFO 24056 [egg-static] starting static serve /public/ -> C:\Users\12552\Desktop\musicCloude\myegg1\app\public
2020-11-06 17:32:04,494 INFO 24056 [egg-security] use methodnoallow middleware
2020-11-06 17:32:04,495 INFO 24056 [egg-security] use noopen middleware
2020-11-06 17:32:04,496 INFO 24056 [egg-security] use nosniff middleware
2020-11-06 17:32:04,497 INFO 24056 [egg-security] use xssProtection middleware
2020-11-06 17:32:04,497 INFO 24056 [egg-security] use xframe middleware
2020-11-06 17:32:04,498 INFO 24056 [egg-security] use dta middleware
2020-11-06 17:32:04,499 INFO 24056 [egg-security] compose 6 middlewares into one security middleware
2020-11-06 17:32:04,557 INFO 24056 [egg:core] dump config after load, 38ms
2020-11-06 17:32:04,585 INFO 24056 [egg-watcher:application] watcher start success
2020-11-06 17:32:04,790 INFO 24056 [egg-mysql] instance[0] status OK, rds currentTime: Fri Nov 06 2020 17:32:04 GMT+0800 (GMT+08:00)
2020-11-06 17:32:04,835 INFO 24056 [egg:core] dump config after ready, 42ms
2020-11-06 17:32:06,261 INFO 7836 [egg:logger] init all loggers with options: {"dir":"C:\\Users\\12552\\Desktop\\musicCloude\\myegg1\\logs\\app1","encoding":"utf8","env":"local","level":"INFO","consoleLevel":"INFO","disableConsoleAfterReady":false,"outputJSON":false,"buffer":true,"appLogName":"app1-web.log","coreLogName":"egg-web.log","agentLogName":"egg-agent.log","errorLogName":"common-error.log","coreLogger":{"consoleLevel":"WARN"},"allowDebugAtProd":false,"type":"application"}
2020-11-06 17:32:06,292 INFO 7836 [egg-multipart] file mode enable
2020-11-06 17:32:06,292 INFO 7836 [egg-multipart] will save temporary files to "C:\\Users\\12552\\AppData\\Local\\Temp\\egg-multipart-tmp\\app1", cleanup job cron: "0 30 4 * * *"
2020-11-06 17:32:06,293 INFO 7836 [egg-mysql] connecting root@127.0.0.1:3306/music
2020-11-06 17:32:06,532 INFO 7836 [egg-static] starting static serve /public/ -> C:\Users\12552\Desktop\musicCloude\myegg1\app\public
2020-11-06 17:32:06,535 INFO 7836 [egg-security] use methodnoallow middleware
2020-11-06 17:32:06,536 INFO 7836 [egg-security] use noopen middleware
2020-11-06 17:32:06,539 INFO 7836 [egg-security] use nosniff middleware
2020-11-06 17:32:06,539 INFO 7836 [egg-security] use xssProtection middleware
2020-11-06 17:32:06,540 INFO 7836 [egg-security] use xframe middleware
2020-11-06 17:32:06,540 INFO 7836 [egg-security] use dta middleware
2020-11-06 17:32:06,540 INFO 7836 [egg-security] compose 6 middlewares into one security middleware
2020-11-06 17:32:06,563 INFO 7836 [egg:core] dump config after load, 17ms
2020-11-06 17:32:06,579 INFO 7836 [egg-watcher:application] watcher start success
2020-11-06 17:32:06,580 INFO 7836 [egg-mysql] instance[0] status OK, rds currentTime: Fri Nov 06 2020 17:32:06 GMT+0800 (GMT+08:00)
2020-11-06 17:32:06,607 INFO 7836 [egg:core] dump config after ready, 25ms
2020-11-06 17:32:47,848 INFO 24240 [egg:logger] init all loggers with options: {"dir":"C:\\Users\\12552\\Desktop\\musicCloude\\myegg1\\logs\\app1","encoding":"utf8","env":"local","level":"INFO","consoleLevel":"INFO","disableConsoleAfterReady":false,"outputJSON":false,"buffer":true,"appLogName":"app1-web.log","coreLogName":"egg-web.log","agentLogName":"egg-agent.log","errorLogName":"common-error.log","coreLogger":{"consoleLevel":"WARN"},"allowDebugAtProd":false,"type":"application"}
2020-11-06 17:32:47,877 INFO 24240 [egg-multipart] file mode enable
2020-11-06 17:32:47,877 INFO 24240 [egg-multipart] will save temporary files to "C:\\Users\\12552\\AppData\\Local\\Temp\\egg-multipart-tmp\\app1", cleanup job cron: "0 30 4 * * *"
2020-11-06 17:32:47,878 INFO 24240 [egg-mysql] connecting root@127.0.0.1:3306/music
2020-11-06 17:32:48,139 INFO 24240 [egg-static] starting static serve /public/ -> C:\Users\12552\Desktop\musicCloude\myegg1\app\public
2020-11-06 17:32:48,142 INFO 24240 [egg-security] use methodnoallow middleware
2020-11-06 17:32:48,143 INFO 24240 [egg-security] use noopen middleware
2020-11-06 17:32:48,144 INFO 24240 [egg-security] use nosniff middleware
2020-11-06 17:32:48,144 INFO 24240 [egg-security] use xssProtection middleware
2020-11-06 17:32:48,145 INFO 24240 [egg-security] use xframe middleware
2020-11-06 17:32:48,145 INFO 24240 [egg-security] use dta middleware
2020-11-06 17:32:48,146 INFO 24240 [egg-security] compose 6 middlewares into one security middleware
2020-11-06 17:32:48,169 INFO 24240 [egg:core] dump config after load, 18ms
2020-11-06 17:32:48,183 INFO 24240 [egg-watcher:application] watcher start success
2020-11-06 17:32:48,185 INFO 24240 [egg-mysql] instance[0] status OK, rds currentTime: Fri Nov 06 2020 17:32:48 GMT+0800 (GMT+08:00)
2020-11-06 17:32:48,213 INFO 24240 [egg:core] dump config after ready, 26ms
2020-11-06 17:36:15,702 INFO 17672 [egg:logger] init all loggers with options: {"dir":"C:\\Users\\12552\\Desktop\\musicCloude\\myegg1\\logs\\app1","encoding":"utf8","env":"local","level":"INFO","consoleLevel":"INFO","disableConsoleAfterReady":false,"outputJSON":false,"buffer":true,"appLogName":"app1-web.log","coreLogName":"egg-web.log","agentLogName":"egg-agent.log","errorLogName":"common-error.log","coreLogger":{"consoleLevel":"WARN"},"allowDebugAtProd":false,"type":"application"}
2020-11-06 17:36:15,738 INFO 17672 [egg-multipart] file mode enable
2020-11-06 17:36:15,738 INFO 17672 [egg-multipart] will save temporary files to "C:\\Users\\12552\\AppData\\Local\\Temp\\egg-multipart-tmp\\app1", cleanup job cron: "0 30 4 * * *"
2020-11-06 17:36:15,739 INFO 17672 [egg-mysql] connecting root@127.0.0.1:3306/music
2020-11-06 17:36:15,992 INFO 17672 [egg-static] starting static serve /public/ -> C:\Users\12552\Desktop\musicCloude\myegg1\app\public
2020-11-06 17:36:15,994 INFO 17672 [egg-security] use methodnoallow middleware
2020-11-06 17:36:15,995 INFO 17672 [egg-security] use noopen middleware
2020-11-06 17:36:15,997 INFO 17672 [egg-security] use nosniff middleware
2020-11-06 17:36:15,998 INFO 17672 [egg-security] use xssProtection middleware
2020-11-06 17:36:15,999 INFO 17672 [egg-security] use xframe middleware
2020-11-06 17:36:15,999 INFO 17672 [egg-security] use dta middleware
2020-11-06 17:36:15,999 INFO 17672 [egg-security] compose 6 middlewares into one security middleware
2020-11-06 17:36:16,019 INFO 17672 [egg:core] dump config after load, 15ms
2020-11-06 17:36:16,035 INFO 17672 [egg-watcher:application] watcher start success
2020-11-06 17:36:16,036 INFO 17672 [egg-mysql] instance[0] status OK, rds currentTime: Fri Nov 06 2020 17:36:16 GMT+0800 (GMT+08:00)
2020-11-06 17:36:16,060 INFO 17672 [egg:core] dump config after ready, 23ms
2020-11-06 17:37:12,618 INFO 20060 [egg:logger] init all loggers with options: {"dir":"C:\\Users\\12552\\Desktop\\musicCloude\\myegg1\\logs\\app1","encoding":"utf8","env":"local","level":"INFO","consoleLevel":"INFO","disableConsoleAfterReady":false,"outputJSON":false,"buffer":true,"appLogName":"app1-web.log","coreLogName":"egg-web.log","agentLogName":"egg-agent.log","errorLogName":"common-error.log","coreLogger":{"consoleLevel":"WARN"},"allowDebugAtProd":false,"type":"application"}
2020-11-06 17:37:12,645 INFO 20060 [egg-multipart] file mode enable
2020-11-06 17:37:12,645 INFO 20060 [egg-multipart] will save temporary files to "C:\\Users\\12552\\AppData\\Local\\Temp\\egg-multipart-tmp\\app1", cleanup job cron: "0 30 4 * * *"
2020-11-06 17:37:12,645 INFO 20060 [egg-mysql] connecting root@127.0.0.1:3306/music
2020-11-06 17:37:12,865 INFO 20060 [egg-static] starting static serve /public/ -> C:\Users\12552\Desktop\musicCloude\myegg1\app\public
2020-11-06 17:37:12,869 INFO 20060 [egg-security] use methodnoallow middleware
2020-11-06 17:37:12,870 INFO 20060 [egg-security] use noopen middleware
2020-11-06 17:37:12,873 INFO 20060 [egg-security] use nosniff middleware
2020-11-06 17:37:12,874 INFO 20060 [egg-security] use xssProtection middleware
2020-11-06 17:37:12,874 INFO 20060 [egg-security] use xframe middleware
2020-11-06 17:37:12,875 INFO 20060 [egg-security] use dta middleware
2020-11-06 17:37:12,875 INFO 20060 [egg-security] compose 6 middlewares into one security middleware
2020-11-06 17:37:12,899 INFO 20060 [egg:core] dump config after load, 19ms
2020-11-06 17:37:12,915 INFO 20060 [egg-watcher:application] watcher start success
2020-11-06 17:37:12,917 INFO 20060 [egg-mysql] instance[0] status OK, rds currentTime: Fri Nov 06 2020 17:37:12 GMT+0800 (GMT+08:00)
2020-11-06 17:37:12,946 INFO 20060 [egg:core] dump config after ready, 27ms
2020-11-06 17:37:44,115 INFO 21248 [egg:logger] init all loggers with options: {"dir":"C:\\Users\\12552\\Desktop\\musicCloude\\myegg1\\logs\\app1","encoding":"utf8","env":"local","level":"INFO","consoleLevel":"INFO","disableConsoleAfterReady":false,"outputJSON":false,"buffer":true,"appLogName":"app1-web.log","coreLogName":"egg-web.log","agentLogName":"egg-agent.log","errorLogName":"common-error.log","coreLogger":{"consoleLevel":"WARN"},"allowDebugAtProd":false,"type":"application"}
2020-11-06 17:37:44,146 INFO 21248 [egg-multipart] file mode enable
2020-11-06 17:37:44,146 INFO 21248 [egg-multipart] will save temporary files to "C:\\Users\\12552\\AppData\\Local\\Temp\\egg-multipart-tmp\\app1", cleanup job cron: "0 30 4 * * *"
2020-11-06 17:37:44,147 INFO 21248 [egg-mysql] connecting root@127.0.0.1:3306/music
2020-11-06 17:37:44,387 INFO 21248 [egg-static] starting static serve /public/ -> C:\Users\12552\Desktop\musicCloude\myegg1\app\public
2020-11-06 17:37:44,391 INFO 21248 [egg-security] use methodnoallow middleware
2020-11-06 17:37:44,391 INFO 21248 [egg-security] use noopen middleware
2020-11-06 17:37:44,393 INFO 21248 [egg-security] use nosniff middleware
2020-11-06 17:37:44,393 INFO 21248 [egg-security] use xssProtection middleware
2020-11-06 17:37:44,394 INFO 21248 [egg-security] use xframe middleware
2020-11-06 17:37:44,394 INFO 21248 [egg-security] use dta middleware
2020-11-06 17:37:44,394 INFO 21248 [egg-security] compose 6 middlewares into one security middleware
2020-11-06 17:37:44,426 INFO 21248 [egg:core] dump config after load, 19ms
2020-11-06 17:37:44,443 INFO 21248 [egg-watcher:application] watcher start success
2020-11-06 17:37:44,445 INFO 21248 [egg-mysql] instance[0] status OK, rds currentTime: Fri Nov 06 2020 17:37:44 GMT+0800 (GMT+08:00)
2020-11-06 17:37:44,475 INFO 21248 [egg:core] dump config after ready, 28ms
2020-11-06 17:42:14,758 INFO 12048 [egg:logger] init all loggers with options: {"dir":"C:\\Users\\12552\\Desktop\\musicCloude\\myegg1\\logs\\app1","encoding":"utf8","env":"local","level":"INFO","consoleLevel":"INFO","disableConsoleAfterReady":false,"outputJSON":false,"buffer":true,"appLogName":"app1-web.log","coreLogName":"egg-web.log","agentLogName":"egg-agent.log","errorLogName":"common-error.log","coreLogger":{"consoleLevel":"WARN"},"allowDebugAtProd":false,"type":"application"}
2020-11-06 17:42:14,786 INFO 12048 [egg-multipart] file mode enable
2020-11-06 17:42:14,786 INFO 12048 [egg-multipart] will save temporary files to "C:\\Users\\12552\\AppData\\Local\\Temp\\egg-multipart-tmp\\app1", cleanup job cron: "0 30 4 * * *"
2020-11-06 17:42:14,787 INFO 12048 [egg-mysql] connecting root@127.0.0.1:3306/music
2020-11-06 17:42:14,991 INFO 12048 [egg-static] starting static serve /public/ -> C:\Users\12552\Desktop\musicCloude\myegg1\app\public
2020-11-06 17:42:14,993 INFO 12048 [egg-security] use methodnoallow middleware
2020-11-06 17:42:14,994 INFO 12048 [egg-security] use noopen middleware
2020-11-06 17:42:14,996 INFO 12048 [egg-security] use nosniff middleware
2020-11-06 17:42:14,996 INFO 12048 [egg-security] use xssProtection middleware
2020-11-06 17:42:14,997 INFO 12048 [egg-security] use xframe middleware
2020-11-06 17:42:14,997 INFO 12048 [egg-security] use dta middleware
2020-11-06 17:42:14,997 INFO 12048 [egg-security] compose 6 middlewares into one security middleware
2020-11-06 17:42:15,021 INFO 12048 [egg:core] dump config after load, 19ms
2020-11-06 17:42:15,053 INFO 12048 [egg-watcher:application] watcher start success
2020-11-06 17:42:15,054 INFO 12048 [egg-mysql] instance[0] status OK, rds currentTime: Fri Nov 06 2020 17:42:15 GMT+0800 (GMT+08:00)
2020-11-06 17:42:15,084 INFO 12048 [egg:core] dump config after ready, 28ms
2020-11-06 17:42:16,415 INFO 20396 [egg:logger] init all loggers with options: {"dir":"C:\\Users\\12552\\Desktop\\musicCloude\\myegg1\\logs\\app1","encoding":"utf8","env":"local","level":"INFO","consoleLevel":"INFO","disableConsoleAfterReady":false,"outputJSON":false,"buffer":true,"appLogName":"app1-web.log","coreLogName":"egg-web.log","agentLogName":"egg-agent.log","errorLogName":"common-error.log","coreLogger":{"consoleLevel":"WARN"},"allowDebugAtProd":false,"type":"application"}
2020-11-06 17:42:16,444 INFO 20396 [egg-multipart] file mode enable
2020-11-06 17:42:16,444 INFO 20396 [egg-multipart] will save temporary files to "C:\\Users\\12552\\AppData\\Local\\Temp\\egg-multipart-tmp\\app1", cleanup job cron: "0 30 4 * * *"
2020-11-06 17:42:16,444 INFO 20396 [egg-mysql] connecting root@127.0.0.1:3306/music
2020-11-06 17:42:16,642 INFO 20396 [egg-static] starting static serve /public/ -> C:\Users\12552\Desktop\musicCloude\myegg1\app\public
2020-11-06 17:42:16,644 INFO 20396 [egg-security] use methodnoallow middleware
2020-11-06 17:42:16,645 INFO 20396 [egg-security] use noopen middleware
2020-11-06 17:42:16,646 INFO 20396 [egg-security] use nosniff middleware
2020-11-06 17:42:16,646 INFO 20396 [egg-security] use xssProtection middleware
2020-11-06 17:42:16,647 INFO 20396 [egg-security] use xframe middleware
2020-11-06 17:42:16,647 INFO 20396 [egg-security] use dta middleware
2020-11-06 17:42:16,648 INFO 20396 [egg-security] compose 6 middlewares into one security middleware
2020-11-06 17:42:16,671 INFO 20396 [egg:core] dump config after load, 19ms
2020-11-06 17:42:16,685 INFO 20396 [egg-watcher:application] watcher start success
2020-11-06 17:42:16,686 INFO 20396 [egg-mysql] instance[0] status OK, rds currentTime: Fri Nov 06 2020 17:42:16 GMT+0800 (GMT+08:00)
2020-11-06 17:42:16,713 INFO 20396 [egg:core] dump config after ready, 24ms
2020-11-06 17:43:09,834 INFO 15856 [egg:logger] init all loggers with options: {"dir":"C:\\Users\\12552\\Desktop\\musicCloude\\myegg1\\logs\\app1","encoding":"utf8","env":"local","level":"INFO","consoleLevel":"INFO","disableConsoleAfterReady":false,"outputJSON":false,"buffer":true,"appLogName":"app1-web.log","coreLogName":"egg-web.log","agentLogName":"egg-agent.log","errorLogName":"common-error.log","coreLogger":{"consoleLevel":"WARN"},"allowDebugAtProd":false,"type":"application"}
2020-11-06 17:43:09,863 INFO 15856 [egg-multipart] file mode enable
2020-11-06 17:43:09,863 INFO 15856 [egg-multipart] will save temporary files to "C:\\Users\\12552\\AppData\\Local\\Temp\\egg-multipart-tmp\\app1", cleanup job cron: "0 30 4 * * *"
2020-11-06 17:43:09,864 INFO 15856 [egg-mysql] connecting root@127.0.0.1:3306/music
2020-11-06 17:43:10,071 INFO 15856 [egg-static] starting static serve /public/ -> C:\Users\12552\Desktop\musicCloude\myegg1\app\public
2020-11-06 17:43:10,073 INFO 15856 [egg-security] use methodnoallow middleware
2020-11-06 17:43:10,074 INFO 15856 [egg-security] use noopen middleware
2020-11-06 17:43:10,075 INFO 15856 [egg-security] use nosniff middleware
2020-11-06 17:43:10,076 INFO 15856 [egg-security] use xssProtection middleware
2020-11-06 17:43:10,076 INFO 15856 [egg-security] use xframe middleware
2020-11-06 17:43:10,077 INFO 15856 [egg-security] use dta middleware
2020-11-06 17:43:10,077 INFO 15856 [egg-security] compose 6 middlewares into one security middleware
2020-11-06 17:43:10,098 INFO 15856 [egg:core] dump config after load, 16ms
2020-11-06 17:43:10,113 INFO 15856 [egg-watcher:application] watcher start success
2020-11-06 17:43:10,115 INFO 15856 [egg-mysql] instance[0] status OK, rds currentTime: Fri Nov 06 2020 17:43:10 GMT+0800 (GMT+08:00)
2020-11-06 17:43:10,147 INFO 15856 [egg:core] dump config after ready, 31ms
2020-11-06 17:46:11,848 INFO 22940 [egg:logger] init all loggers with options: {"dir":"C:\\Users\\12552\\Desktop\\musicCloude\\myegg1\\logs\\app1","encoding":"utf8","env":"local","level":"INFO","consoleLevel":"INFO","disableConsoleAfterReady":false,"outputJSON":false,"buffer":true,"appLogName":"app1-web.log","coreLogName":"egg-web.log","agentLogName":"egg-agent.log","errorLogName":"common-error.log","coreLogger":{"consoleLevel":"WARN"},"allowDebugAtProd":false,"type":"application"}
2020-11-06 17:46:11,876 INFO 22940 [egg-multipart] file mode enable
2020-11-06 17:46:11,876 INFO 22940 [egg-multipart] will save temporary files to "C:\\Users\\12552\\AppData\\Local\\Temp\\egg-multipart-tmp\\app1", cleanup job cron: "0 30 4 * * *"
2020-11-06 17:46:11,877 INFO 22940 [egg-mysql] connecting root@127.0.0.1:3306/music
2020-11-06 17:46:12,113 INFO 22940 [egg-static] starting static serve /public/ -> C:\Users\12552\Desktop\musicCloude\myegg1\app\public
2020-11-06 17:46:12,116 INFO 22940 [egg-security] use methodnoallow middleware
2020-11-06 17:46:12,117 INFO 22940 [egg-security] use noopen middleware
2020-11-06 17:46:12,118 INFO 22940 [egg-security] use nosniff middleware
2020-11-06 17:46:12,119 INFO 22940 [egg-security] use xssProtection middleware
2020-11-06 17:46:12,120 INFO 22940 [egg-security] use xframe middleware
2020-11-06 17:46:12,120 INFO 22940 [egg-security] use dta middleware
2020-11-06 17:46:12,120 INFO 22940 [egg-security] compose 6 middlewares into one security middleware
2020-11-06 17:46:12,144 INFO 22940 [egg:core] dump config after load, 19ms
2020-11-06 17:46:12,160 INFO 22940 [egg-watcher:application] watcher start success
2020-11-06 17:46:12,162 INFO 22940 [egg-mysql] instance[0] status OK, rds currentTime: Fri Nov 06 2020 17:46:12 GMT+0800 (GMT+08:00)
2020-11-06 17:46:12,191 INFO 22940 [egg:core] dump config after ready, 28ms
